<?xml version="1.0" encoding="UTF-8"?>
<!-- Generated by org.testng.reporters.JUnitXMLReporter -->
<testsuite hostname="xyloop" ignored="0" name="Default test" tests="2" failures="0" timestamp="15 Dec 2017 13:04:19 GMT" time="0.286" errors="0">
  <testcase name="groupingImperativelyTest" time="0.02" classname="com.java8.ch06.test.GroupingByTransactionTest"/>
  <testcase name="groupingFunctionallyTest" time="0.098" classname="com.java8.ch06.test.GroupingByTransactionTest"/>
</testsuite> <!-- Default test -->
